<?xml version="1.0" encoding="UTF-8"?>
<!-- Generated by org.testng.reporters.JUnitXMLReporter -->
<testsuite ignored="0" hostname="DESKTOP-HVOQ63N" failures="2" tests="2" name="Test" time="85.286" errors="0" timestamp="2025-12-17T13:51:11 IST">
  <testcase classname="tests.GoogleTest" name="launchBrowserAndOpenGoogle" time="8.053">
    <failure type="java.lang.AssertionError" message="Expected page title did not match actual title expected [Googlee] but found [Google]">
      <![CDATA[java.lang.AssertionError: Expected page title did not match actual title expected [Googlee] but found [Google]
at tests.GoogleTest.launchBrowserAndOpenGoogle(GoogleTest.java:51)
at java.base/java.util.ArrayList.forEach(ArrayList.java:1511)
... Removed 30 stack frames]]>
    </failure>
  </testcase> <!-- launchBrowserAndOpenGoogle -->
  <testcase classname="tests.GoogleTest" name="launchBrowserAndOpenGoogle" time="11.998">
    <failure type="java.lang.AssertionError" message="Expected page title did not match actual title expected [Googlee] but found [Google]">
      <![CDATA[java.lang.AssertionError: Expected page title did not match actual title expected [Googlee] but found [Google]
at tests.GoogleTest.launchBrowserAndOpenGoogle(GoogleTest.java:51)
at java.base/java.util.ArrayList.forEach(ArrayList.java:1511)
... Removed 30 stack frames]]>
    </failure>
  </testcase> <!-- launchBrowserAndOpenGoogle -->
</testsuite> <!-- Test -->
