<?xml version="1.0" encoding="UTF-8"?>
<!-- Generated by org.testng.reporters.JUnitXMLReporter -->
<testsuite ignored="0" hostname="DESKTOP-CI9SLE5" failures="1" tests="2" name="Test" time="6.083" errors="0" timestamp="2026-01-22T06:04:17 PST">
  <testcase classname="tests.GoogleTest" name="launchBrowserAndOpenGoogle" time="0.904"/>
  <testcase classname="tests.GoogleTest" name="launchBrowserAndOpenGoogle2" time="3.507">
    <failure type="java.lang.AssertionError" message="expected [Google] but found [Automation Exercise]">
      <![CDATA[java.lang.AssertionError: expected [Google] but found [Automation Exercise]
at tests.GoogleTest.launchBrowserAndOpenGoogle2(GoogleTest.java:43)
at java.base/java.util.concurrent.Executors$RunnableAdapter.call(Executors.java:539)
at java.base/java.util.concurrent.FutureTask.run(FutureTask.java:264)
at java.base/java.util.concurrent.ThreadPoolExecutor.runWorker(ThreadPoolExecutor.java:1136)
at java.base/java.util.concurrent.ThreadPoolExecutor$Worker.run(ThreadPoolExecutor.java:635)
at java.base/java.lang.Thread.run(Thread.java:840)
... Removed 19 stack frames]]>
    </failure>
  </testcase> <!-- launchBrowserAndOpenGoogle2 -->
</testsuite> <!-- Test -->
