<?xml version="1.0" encoding="UTF-8"?>
<testng-results ignored="0" total="1" passed="1" failed="0" skipped="0">
  <reporter-output>
  </reporter-output>
  <suite started-at="2025-12-27T19:47:15 IST" name="Suite" finished-at="2025-12-27T19:47:57 IST" duration-ms="42428">
    <groups>
    </groups>
    <test started-at="2025-12-27T19:47:15 IST" name="Test" finished-at="2025-12-27T19:47:57 IST" duration-ms="42428">
      <class name="tests.GoogleTest">
        <test-method is-config="true" signature="setUp(java.lang.String)[pri:0, instance:tests.GoogleTest@35e2d654]" started-at="2025-12-27T19:47:15 IST" name="setUp" finished-at="2025-12-27T19:47:52 IST" duration-ms="36424" status="PASS">
          <params>
            <param index="0">
              <value>
                <![CDATA[chrome]]>
              </value>
            </param>
          </params>
          <reporter-output>
          </reporter-output>
        </test-method> <!-- setUp -->
        <test-method signature="launchBrowserAndOpenGoogle()[pri:0, instance:tests.GoogleTest@35e2d654]" started-at="2025-12-27T19:47:52 IST" name="launchBrowserAndOpenGoogle" finished-at="2025-12-27T19:47:56 IST" duration-ms="4043" status="PASS">
          <reporter-output>
          </reporter-output>
        </test-method> <!-- launchBrowserAndOpenGoogle -->
        <test-method is-config="true" signature="tearDown()[pri:0, instance:tests.GoogleTest@35e2d654]" started-at="2025-12-27T19:47:56 IST" name="tearDown" finished-at="2025-12-27T19:47:57 IST" duration-ms="1912" status="PASS">
          <reporter-output>
          </reporter-output>
        </test-method> <!-- tearDown -->
      </class> <!-- tests.GoogleTest -->
    </test> <!-- Test -->
  </suite> <!-- Suite -->
</testng-results>
