<?xml version="1.0" encoding="UTF-8"?>
<testng-results ignored="0" total="1" passed="1" failed="0" skipped="0">
  <reporter-output>
  </reporter-output>
  <suite started-at="2025-12-27T19:57:33 IST" name="Default suite" finished-at="2025-12-27T19:57:57 IST" duration-ms="23381">
    <groups>
    </groups>
    <test started-at="2025-12-27T19:57:33 IST" name="Default test" finished-at="2025-12-27T19:57:57 IST" duration-ms="23381">
      <class name="tests.GoogleTest">
        <test-method is-config="true" signature="setUp()[pri:0, instance:tests.GoogleTest@5b8dfcc1]" started-at="2025-12-27T19:57:33 IST" name="setUp" finished-at="2025-12-27T19:57:54 IST" duration-ms="20741" status="PASS">
          <reporter-output>
          </reporter-output>
        </test-method> <!-- setUp -->
        <test-method signature="launchBrowserAndOpenGoogle()[pri:0, instance:tests.GoogleTest@5b8dfcc1]" started-at="2025-12-27T19:57:54 IST" name="launchBrowserAndOpenGoogle" finished-at="2025-12-27T19:57:56 IST" duration-ms="1765" status="PASS">
          <reporter-output>
          </reporter-output>
        </test-method> <!-- launchBrowserAndOpenGoogle -->
        <test-method is-config="true" signature="tearDown()[pri:0, instance:tests.GoogleTest@5b8dfcc1]" started-at="2025-12-27T19:57:56 IST" name="tearDown" finished-at="2025-12-27T19:57:57 IST" duration-ms="824" status="PASS">
          <reporter-output>
          </reporter-output>
        </test-method> <!-- tearDown -->
      </class> <!-- tests.GoogleTest -->
    </test> <!-- Default test -->
  </suite> <!-- Default suite -->
</testng-results>
